==== API CALL at 2025-10-10 09:48:18 ====
[SQL error] SQLSTATE[42000]: Syntax error or access violation: 1064 You have an error in your SQL syntax; check the manual that corresponds to your MySQL server version for the right syntax to use near ''10'' at line 19
==== API CALL at 2025-10-10 09:48:19 ====
[SQL error] SQLSTATE[42000]: Syntax error or access violation: 1064 You have an error in your SQL syntax; check the manual that corresponds to your MySQL server version for the right syntax to use near ''10'' at line 19
==== API CALL at 2025-10-10 09:48:23 ====
[SQL error] SQLSTATE[42000]: Syntax error or access violation: 1064 You have an error in your SQL syntax; check the manual that corresponds to your MySQL server version for the right syntax to use near ''10'' at line 19
==== API CALL at 2025-10-10 09:48:50 ====
[SQL error] SQLSTATE[42000]: Syntax error or access violation: 1064 You have an error in your SQL syntax; check the manual that corresponds to your MySQL server version for the right syntax to use near ''10'' at line 19
==== API CALL at 2025-10-10 09:49:20 ====
[SQL error] SQLSTATE[42000]: Syntax error or access violation: 1064 You have an error in your SQL syntax; check the manual that corresponds to your MySQL server version for the right syntax to use near ''10'' at line 19
==== API CALL at 2025-10-10 09:49:26 ====
[SQL error] SQLSTATE[42S22]: Column not found: 1054 Unknown column 'm.title' in 'field list'
==== API CALL at 2025-10-10 09:49:28 ====
[SQL error] SQLSTATE[42S22]: Column not found: 1054 Unknown column 'm.title' in 'field list'
==== API CALL at 2025-10-10 09:49:31 ====
[SQL error] SQLSTATE[42S22]: Column not found: 1054 Unknown column 'm.title' in 'field list'
==== API CALL at 2025-10-10 09:49:40 ====
[SQL error] SQLSTATE[42S22]: Column not found: 1054 Unknown column 'm.title' in 'field list'
==== API CALL at 2025-10-10 09:49:41 ====
[SQL error] SQLSTATE[42S22]: Column not found: 1054 Unknown column 'm.title' in 'field list'
==== API CALL at 2025-10-10 09:49:43 ====
[SQL error] SQLSTATE[42S22]: Column not found: 1054 Unknown column 'm.title' in 'field list'
==== API CALL at 2025-10-10 09:50:11 ====
[SQL error] SQLSTATE[42S22]: Column not found: 1054 Unknown column 'm.title' in 'field list'
==== API CALL at 2025-10-10 09:50:37 ====
[SQL error] SQLSTATE[42000]: Syntax error or access violation: 1064 You have an error in your SQL syntax; check the manual that corresponds to your MySQL server version for the right syntax to use near ''10'' at line 21
==== API CALL at 2025-10-10 09:50:38 ====
[SQL error] SQLSTATE[42000]: Syntax error or access violation: 1064 You have an error in your SQL syntax; check the manual that corresponds to your MySQL server version for the right syntax to use near ''10'' at line 21
==== API CALL at 2025-10-10 09:50:41 ====
[SQL error] SQLSTATE[42000]: Syntax error or access violation: 1064 You have an error in your SQL syntax; check the manual that corresponds to your MySQL server version for the right syntax to use near ''10'' at line 21
==== API CALL at 2025-10-10 09:51:09 ====
[SQL error] SQLSTATE[42000]: Syntax error or access violation: 1064 You have an error in your SQL syntax; check the manual that corresponds to your MySQL server version for the right syntax to use near ''10'' at line 21
==== API CALL at 2025-10-10 09:51:39 ====
[SQL error] SQLSTATE[42000]: Syntax error or access violation: 1064 You have an error in your SQL syntax; check the manual that corresponds to your MySQL server version for the right syntax to use near ''10'' at line 21
==== API CALL at 2025-10-10 09:51:57 ====
[SQL error] SQLSTATE[42000]: Syntax error or access violation: 1064 You have an error in your SQL syntax; check the manual that corresponds to your MySQL server version for the right syntax to use near ''10'' at line 21
==== API CALL at 2025-10-10 09:52:09 ====
[SQL error] SQLSTATE[42000]: Syntax error or access violation: 1064 You have an error in your SQL syntax; check the manual that corresponds to your MySQL server version for the right syntax to use near ''10'' at line 21
==== API CALL at 2025-10-10 09:52:39 ====
[SQL error] SQLSTATE[42000]: Syntax error or access violation: 1064 You have an error in your SQL syntax; check the manual that corresponds to your MySQL server version for the right syntax to use near ''10'' at line 21
==== API CALL at 2025-10-10 09:53:09 ====
[SQL error] SQLSTATE[42S22]: Column not found: 1054 Unknown column 'u.name' in 'field list'
==== API CALL at 2025-10-10 09:53:10 ====
[SQL error] SQLSTATE[42S22]: Column not found: 1054 Unknown column 'u.name' in 'field list'
==== API CALL at 2025-10-10 09:53:11 ====
[SQL error] SQLSTATE[42S22]: Column not found: 1054 Unknown column 'u.name' in 'field list'
==== API CALL at 2025-10-10 09:53:14 ====
[SQL error] SQLSTATE[42S22]: Column not found: 1054 Unknown column 'u.name' in 'field list'
==== API CALL at 2025-10-10 09:53:42 ====
[SQL error] SQLSTATE[42S22]: Column not found: 1054 Unknown column 'u.name' in 'field list'
==== API CALL at 2025-10-10 09:53:56 ====
[SQL error] SQLSTATE[42S22]: Column not found: 1054 Unknown column 'u.name' in 'field list'
==== API CALL at 2025-10-10 09:54:12 ====
[SQL error] SQLSTATE[42S22]: Column not found: 1054 Unknown column 'u.name' in 'field list'
==== API CALL at 2025-10-10 09:54:42 ====
[SQL error] SQLSTATE[42S22]: Column not found: 1054 Unknown column 'u.name' in 'field list'
==== API CALL at 2025-10-10 09:54:47 ====
[SQL error] SQLSTATE[42S22]: Column not found: 1054 Unknown column 'm.assignee_id' in 'on clause'
==== API CALL at 2025-10-10 09:54:48 ====
[SQL error] SQLSTATE[42S22]: Column not found: 1054 Unknown column 'm.assignee_id' in 'on clause'
==== API CALL at 2025-10-10 09:54:50 ====
[SQL error] SQLSTATE[42S22]: Column not found: 1054 Unknown column 'm.assignee_id' in 'on clause'
==== API CALL at 2025-10-10 09:55:00 ====
[SQL error] SQLSTATE[42S22]: Column not found: 1054 Unknown column 'm.assignee_id' in 'on clause'
==== API CALL at 2025-10-10 09:55:19 ====
[SQL error] SQLSTATE[42S22]: Column not found: 1054 Unknown column 'm.assignee_id' in 'on clause'
==== API CALL at 2025-10-10 09:55:46 ====
[SQL error] SQLSTATE[42S22]: Column not found: 1054 Unknown column 'm.assignee_id' in 'on clause'
==== API CALL at 2025-10-10 09:55:47 ====
[SQL error] SQLSTATE[42S22]: Column not found: 1054 Unknown column 'm.assignee_id' in 'on clause'
==== API CALL at 2025-10-10 09:55:52 ====
[SQL error] SQLSTATE[42S22]: Column not found: 1054 Unknown column 'm.assignee_id' in 'on clause'
==== API CALL at 2025-10-10 09:55:57 ====
[SQL error] SQLSTATE[42S22]: Column not found: 1054 Unknown column 'm.assignee_id' in 'on clause'
==== API CALL at 2025-10-10 09:56:18 ====
[SQL error] SQLSTATE[42S22]: Column not found: 1054 Unknown column 'm.assignee_id' in 'on clause'
==== API CALL at 2025-10-10 09:56:48 ====
[SQL error] SQLSTATE[42S22]: Column not found: 1054 Unknown column 'm.assignee_id' in 'on clause'
==== API CALL at 2025-10-10 09:57:18 ====
[SQL error] SQLSTATE[42S22]: Column not found: 1054 Unknown column 'm.assignee_id' in 'on clause'
==== API CALL at 2025-10-10 09:57:48 ====
[SQL error] SQLSTATE[42S22]: Column not found: 1054 Unknown column 'm.assignee_id' in 'on clause'
==== API CALL at 2025-10-10 09:57:48 ====
[SQL error] SQLSTATE[42S22]: Column not found: 1054 Unknown column 'm.assignee_id' in 'on clause'
==== API CALL at 2025-10-10 09:58:18 ====
[SQL error] SQLSTATE[42S22]: Column not found: 1054 Unknown column 'm.assignee_id' in 'on clause'
==== API CALL at 2025-10-10 09:58:48 ====
[SQL error] SQLSTATE[42S22]: Column not found: 1054 Unknown column 'm.assignee_id' in 'on clause'
==== API CALL at 2025-10-10 09:59:18 ====
[SQL error] SQLSTATE[42S22]: Column not found: 1054 Unknown column 'm.assignee_id' in 'on clause'
==== API CALL at 2025-10-10 10:00:13 ====
[SQL error] SQLSTATE[42S22]: Column not found: 1054 Unknown column 'm.assignee_id' in 'on clause'
==== API CALL at 2025-10-10 10:00:13 ====
[SQL error] SQLSTATE[42S22]: Column not found: 1054 Unknown column 'm.assignee_id' in 'on clause'
==== API CALL at 2025-10-10 10:00:18 ====
[SQL error] SQLSTATE[42S22]: Column not found: 1054 Unknown column 'm.assignee_id' in 'on clause'
==== API CALL at 2025-10-10 10:00:48 ====
[SQL error] SQLSTATE[42S22]: Column not found: 1054 Unknown column 'm.assignee_to' in 'on clause'
==== API CALL at 2025-10-10 10:00:55 ====
[SUCCESS] Missions fetched: 10 rows
==== API CALL at 2025-10-10 10:00:57 ====
[SUCCESS] Missions fetched: 10 rows
==== API CALL at 2025-10-10 10:01:27 ====
[SUCCESS] Missions fetched: 10 rows
==== API CALL at 2025-10-10 10:01:36 ====
[SUCCESS] Missions fetched: 10 rows
==== API CALL at 2025-10-10 10:01:57 ====
[SUCCESS] Missions fetched: 10 rows
==== API CALL at 2025-10-10 10:02:27 ====
[SUCCESS] Missions fetched: 10 rows
==== API CALL at 2025-10-10 10:02:36 ====
[SUCCESS] Missions fetched: 10 rows
==== API CALL at 2025-10-10 10:04:35 ====
[SUCCESS] Missions fetched: 10 rows
==== API CALL at 2025-10-10 10:04:36 ====
[SUCCESS] Missions fetched: 10 rows
==== API CALL at 2025-10-10 10:04:42 ====
[SUCCESS] Missions fetched: 10 rows
==== API CALL at 2025-10-10 10:04:52 ====
[SUCCESS] Missions fetched: 10 rows
==== API CALL at 2025-10-10 10:05:22 ====
[SUCCESS] Missions fetched: 10 rows
==== API CALL at 2025-10-10 10:05:34 ====
[SUCCESS] Missions fetched: 10 rows
==== API CALL at 2025-10-10 10:05:52 ====
[SUCCESS] Missions fetched: 10 rows
==== API CALL at 2025-10-10 10:06:22 ====
[SUCCESS] Missions fetched: 10 rows
==== API CALL at 2025-10-10 10:06:52 ====
[SUCCESS] Missions fetched: 10 rows
==== API CALL at 2025-10-10 10:07:22 ====
[SUCCESS] Missions fetched: 10 rows
==== API CALL at 2025-10-10 10:07:52 ====
[SUCCESS] Missions fetched: 10 rows
==== API CALL at 2025-10-10 10:08:22 ====
[SUCCESS] Missions fetched: 10 rows
[SQL error] SQLSTATE[42S22]: Column not found: 1054 Unknown column 'i.number' in 'field list'
[SQL error] SQLSTATE[42S22]: Column not found: 1054 Unknown column 'i.number' in 'field list'
[SQL error] SQLSTATE[42S22]: Column not found: 1054 Unknown column 'i.number' in 'field list'
[SQL error] SQLSTATE[42S22]: Column not found: 1054 Unknown column 'i.number' in 'field list'
[SQL error] SQLSTATE[42S22]: Column not found: 1054 Unknown column 'i.number' in 'field list'
[SQL error] SQLSTATE[42S22]: Column not found: 1054 Unknown column 'i.total' in 'field list'
[SQL error] SQLSTATE[42S22]: Column not found: 1054 Unknown column 'i.created_at' in 'field list'
[SQL error] SQLSTATE[42S22]: Column not found: 1054 Unknown column 'i.created_at' in 'field list'
[SQL error] SQLSTATE[42S22]: Column not found: 1054 Unknown column 'i.created_at' in 'field list'
[SQL error] SQLSTATE[42S22]: Column not found: 1054 Unknown column 'i.created_at' in 'field list'
[SQL error] SQLSTATE[42S22]: Column not found: 1054 Unknown column 'i.user_id' in 'WHERE'
[SQL error] SQLSTATE[42S22]: Column not found: 1054 Unknown column 'm.assignee_id' in 'WHERE'
[SQL error] SQLSTATE[42S22]: Column not found: 1054 Unknown column 'i.user_id' in 'WHERE'
[SQL error] SQLSTATE[42S22]: Column not found: 1054 Unknown column 'm.assignee_id' in 'WHERE'
[SQL error] SQLSTATE[42S22]: Column not found: 1054 Unknown column 'i.user_id' in 'WHERE'
[SQL error] SQLSTATE[42S22]: Column not found: 1054 Unknown column 'm.assignee_id' in 'WHERE'
[SQL error] SQLSTATE[42S22]: Column not found: 1054 Unknown column 'i.user_id' in 'WHERE'
[SQL error] SQLSTATE[42S22]: Column not found: 1054 Unknown column 'm.assignee_id' in 'WHERE'
[SQL error] SQLSTATE[42S22]: Column not found: 1054 Unknown column 'i.user_id' in 'WHERE'
[SQL error] SQLSTATE[42S22]: Column not found: 1054 Unknown column 'm.assignee_id' in 'WHERE'
[SQL error] SQLSTATE[42S22]: Column not found: 1054 Unknown column 'm.assignee_id' in 'WHERE'
[SQL error] SQLSTATE[42S22]: Column not found: 1054 Unknown column 'i.user_id' in 'WHERE'
[SQL error] SQLSTATE[42S22]: Column not found: 1054 Unknown column 'i.user_id' in 'WHERE'
[SQL error] SQLSTATE[42S22]: Column not found: 1054 Unknown column 'm.assignee_id' in 'WHERE'
[SQL error] SQLSTATE[42S22]: Column not found: 1054 Unknown column 'i.user_id' in 'WHERE'
[SQL error] SQLSTATE[42S22]: Column not found: 1054 Unknown column 'm.assignee_id' in 'WHERE'
[SQL error] SQLSTATE[42S22]: Column not found: 1054 Unknown column 'i.user_id' in 'WHERE'
[SQL error] SQLSTATE[42S22]: Column not found: 1054 Unknown column 'm.assignee_id' in 'WHERE'
[SQL error] SQLSTATE[42S22]: Column not found: 1054 Unknown column 'i.user_id' in 'WHERE'
[SQL error] SQLSTATE[42S22]: Column not found: 1054 Unknown column 'm.assignee_id' in 'WHERE'
[SQL error] SQLSTATE[42S22]: Column not found: 1054 Unknown column 'i.user_id' in 'WHERE'
[SQL error] SQLSTATE[42S22]: Column not found: 1054 Unknown column 'm.assignee_id' in 'WHERE'
